{"/home/andreskairos/Documentos/blog_mevn/src/helpers/offWordValidator.js": {"path":"/home/andreskairos/Documentos/blog_mevn/src/helpers/offWordValidator.js","statementMap":{"0":{"start":{"line":1,"column":25},"end":{"line":10,"column":1}},"1":{"start":{"line":2,"column":25},"end":{"line":2,"column":27}},"2":{"start":{"line":3,"column":4},"end":{"line":8,"column":5}},"3":{"start":{"line":4,"column":8},"end":{"line":7,"column":9}},"4":{"start":{"line":5,"column":23},"end":{"line":5,"column":65}},"5":{"start":{"line":6,"column":12},"end":{"line":6,"column":38}},"6":{"start":{"line":9,"column":4},"end":{"line":9,"column":26}},"7":{"start":{"line":12,"column":20},"end":{"line":24,"column":1}},"8":{"start":{"line":13,"column":29},"end":{"line":13,"column":75}},"9":{"start":{"line":14,"column":22},"end":{"line":14,"column":24}},"10":{"start":{"line":15,"column":4},"end":{"line":22,"column":5}},"11":{"start":{"line":16,"column":27},"end":{"line":19,"column":9}},"12":{"start":{"line":21,"column":8},"end":{"line":21,"column":39}},"13":{"start":{"line":23,"column":4},"end":{"line":23,"column":23}},"14":{"start":{"line":27,"column":0},"end":{"line":27,"column":48}}},"fnMap":{"0":{"name":"(anonymous_0)","decl":{"start":{"line":1,"column":25},"end":{"line":1,"column":26}},"loc":{"start":{"line":1,"column":45},"end":{"line":10,"column":1}},"line":1},"1":{"name":"(anonymous_1)","decl":{"start":{"line":12,"column":20},"end":{"line":12,"column":21}},"loc":{"start":{"line":12,"column":45},"end":{"line":24,"column":1}},"line":12}},"branchMap":{"0":{"loc":{"start":{"line":4,"column":8},"end":{"line":7,"column":9}},"type":"if","locations":[{"start":{"line":4,"column":8},"end":{"line":7,"column":9}},{"start":{"line":4,"column":8},"end":{"line":7,"column":9}}],"line":4}},"s":{"0":1,"1":2,"2":2,"3":4,"4":1,"5":1,"6":2,"7":1,"8":0,"9":0,"10":0,"11":0,"12":0,"13":0,"14":1},"f":{"0":2,"1":0},"b":{"0":[1,3]},"_coverageSchema":"43e27e138ebf9cfc5966b082cf9a028302ed4184","hash":"2aa766a05d986962af38e389c9fcb238d43e9a5d"}
,"/home/andreskairos/Documentos/blog_mevn/test/offWords.fixture.js": {"path":"/home/andreskairos/Documentos/blog_mevn/test/offWords.fixture.js","statementMap":{"0":{"start":{"line":1,"column":20},"end":{"line":1,"column":40}},"1":{"start":{"line":2,"column":32},"end":{"line":2,"column":62}},"2":{"start":{"line":4,"column":24},"end":{"line":7,"column":2}}},"fnMap":{},"branchMap":{},"s":{"0":1,"1":1,"2":1},"f":{},"b":{},"_coverageSchema":"43e27e138ebf9cfc5966b082cf9a028302ed4184","hash":"b483deb4f0290e3730fc7ff047abd7bbfca7ee8b"}
}
